<?xml version="1.0" encoding="UTF-8"?>
<!-- Generated by org.testng.reporters.JUnitReportReporter -->
<testsuite hostname="LAPTOP-IIBVRVE9" failures="0" tests="3" name="parallelTesting_26April.LaunchWebsite" time="61.560" errors="0" timestamp="2025-04-26T12:40:10 IST" skipped="0">
  <testcase classname="parallelTesting_26April.LaunchWebsite" name="launch" time="19.378"/>
  <testcase classname="parallelTesting_26April.LaunchWebsite" name="launch" time="26.518"/>
  <testcase classname="parallelTesting_26April.LaunchWebsite" name="launch" time="15.664"/>
</testsuite> <!-- parallelTesting_26April.LaunchWebsite -->
