<?xml version="1.0" encoding="UTF-8"?>
<!-- Generated by org.testng.reporters.JUnitReportReporter -->
<testsuite hostname="LAPTOP-IIBVRVE9" failures="0" tests="3" name="parallelTesting_26April.Search" time="30.591" errors="0" timestamp="2025-04-26T12:40:10 IST" skipped="0">
  <testcase classname="parallelTesting_26April.Search" name="launch" time="11.268"/>
  <testcase classname="parallelTesting_26April.Search" name="launch" time="10.119"/>
  <testcase classname="parallelTesting_26April.Search" name="launch" time="9.204"/>
</testsuite> <!-- parallelTesting_26April.Search -->
