<?xml version="1.0" encoding="UTF-8"?>
<!-- Generated by org.testng.reporters.JUnitReportReporter -->
<testsuite hostname="LAPTOP-IIBVRVE9" failures="0" tests="3" name="parallelTesting_26April.Search" time="47.396" errors="0" timestamp="2025-04-26T14:00:57 IST" skipped="0">
  <testcase classname="parallelTesting_26April.Search" name="launch" time="19.562"/>
  <testcase classname="parallelTesting_26April.Search" name="launch" time="19.429"/>
  <testcase classname="parallelTesting_26April.Search" name="launch" time="8.405"/>
</testsuite> <!-- parallelTesting_26April.Search -->
