<?xml version="1.0" encoding="UTF-8"?>
<!-- Generated by org.testng.reporters.JUnitReportReporter -->
<testsuite hostname="LAPTOP-IIBVRVE9" failures="0" tests="3" name="parallelTesting_26April.LaunchWebsite" time="47.326" errors="0" timestamp="2025-04-26T14:00:57 IST" skipped="0">
  <testcase classname="parallelTesting_26April.LaunchWebsite" name="launch" time="9.148"/>
  <testcase classname="parallelTesting_26April.LaunchWebsite" name="launch" time="29.166"/>
  <testcase classname="parallelTesting_26April.LaunchWebsite" name="launch" time="9.012"/>
</testsuite> <!-- parallelTesting_26April.LaunchWebsite -->
